<?xml version="1.0" encoding="UTF-8"?>
<testng-results skipped="0" failed="0" ignored="0" total="1" passed="1">
  <reporter-output>
  </reporter-output>
  <suite name="Default suite" duration-ms="82" started-at="2022-03-17T23:16:26 IST" finished-at="2022-03-17T23:16:26 IST">
    <groups>
    </groups>
    <test name="Default test" duration-ms="82" started-at="2022-03-17T23:16:26 IST" finished-at="2022-03-17T23:16:26 IST">
      <class name="framework.deque">
        <test-method status="PASS" signature="test1()[pri:0, instance:framework.deque@1fbf16f]" name="test1" duration-ms="32" started-at="2022-03-17T23:16:26 IST" finished-at="2022-03-17T23:16:26 IST">
          <reporter-output>
          </reporter-output>
        </test-method> <!-- test1 -->
      </class> <!-- framework.deque -->
    </test> <!-- Default test -->
  </suite> <!-- Default suite -->
</testng-results>
