<?xml version="1.0" encoding="UTF-8"?>
<testng-results skipped="0" failed="0" ignored="0" total="2" passed="2">
  <reporter-output>
  </reporter-output>
  <suite name="Default suite" duration-ms="86" started-at="2022-03-18T18:17:24 IST" finished-at="2022-03-18T18:17:25 IST">
    <groups>
    </groups>
    <test name="Default test" duration-ms="86" started-at="2022-03-18T18:17:24 IST" finished-at="2022-03-18T18:17:25 IST">
      <class name="framework.priorityqueue">
        <test-method status="PASS" signature="test1()[pri:1, instance:framework.priorityqueue@1fbf16f]" name="test1" duration-ms="16" started-at="2022-03-18T18:17:24 IST" finished-at="2022-03-18T18:17:25 IST">
          <reporter-output>
          </reporter-output>
        </test-method> <!-- test1 -->
        <test-method status="PASS" signature="test2()[pri:2, instance:framework.priorityqueue@1fbf16f]" name="test2" duration-ms="2" started-at="2022-03-18T18:17:25 IST" finished-at="2022-03-18T18:17:25 IST">
          <reporter-output>
          </reporter-output>
        </test-method> <!-- test2 -->
      </class> <!-- framework.priorityqueue -->
    </test> <!-- Default test -->
  </suite> <!-- Default suite -->
</testng-results>
