<?xml version="1.0" encoding="UTF-8"?>
<!-- Generated by org.testng.reporters.JUnitXMLReporter -->
<testsuite hostname="DESKTOP-9DI402V" ignored="0" name="Default test" tests="5" failures="0" timestamp="2022-03-20T21:02:11 IST" time="0.176" errors="0">
  <testcase name="test1" time="0.018" classname="framework.set"/>
  <testcase name="test2" time="0.001" classname="framework.set"/>
  <testcase name="test3" time="0.002" classname="framework.set"/>
  <testcase name="test4" time="0.002" classname="framework.set"/>
  <testcase name="test5" time="0.001" classname="framework.set"/>
</testsuite> <!-- Default test -->
