<?xml version="1.0" encoding="UTF-8"?>
<!-- Generated by org.testng.reporters.JUnitXMLReporter -->
<testsuite hostname="DESKTOP-9DI402V" ignored="0" name="Default test" tests="5" failures="0" timestamp="2022-03-17T22:49:29 IST" time="0.12" errors="0">
  <testcase name="test1" time="0.017" classname="framework.map"/>
  <testcase name="test2" time="0.002" classname="framework.map"/>
  <testcase name="test3" time="0.002" classname="framework.map"/>
  <testcase name="test4" time="0.003" classname="framework.map"/>
  <testcase name="test5" time="0.002" classname="framework.map"/>
</testsuite> <!-- Default test -->
